
start replace dirs
replace dir  from: themes/index.html-4584 to: themes/index.html
replace dir  from: themes/Bootstrap-4584 to: themes/Bootstrap
replace dir  from: themes/Three_point_5-4584 to: themes/Three_point_5
replace dir  from: themes/Bootswatch_Flatly-4584 to: themes/Bootswatch_Flatly
replace dir  from: include-4584 to: include
replace dir  from: addons/index.html-4584 to: addons/index.html
replace dir  from: addons/Example-4584 to: addons/Example
replace dir  from: addons/Multi Site-4584 to: addons/Multi Site
start replace dirs
replace dir  from: include-old-4584 to: include
start replace dirs
replace dir  from: themes/index.html-3086 to: themes/index.html
replace dir  from: themes/Bootstrap-3086 to: themes/Bootstrap
replace dir  from: themes/Three_point_5-3086 to: themes/Three_point_5
replace dir  from: themes/Bootswatch_Flatly-3086 to: themes/Bootswatch_Flatly
replace dir  from: include-3086 to: include
replace dir  from: addons/index.html-3086 to: addons/index.html
replace dir  from: addons/Example-3086 to: addons/Example
replace dir  from: addons/Multi Site-3086 to: addons/Multi Site
start replace dirs
replace dir  from: include-old-3086 to: include